<?xml version="1.0" encoding="UTF-8"?>
<!-- Generated by org.testng.reporters.JUnitReportReporter -->
<testsuite hostname="WKWZT6Z89h34IG3" failures="0" tests="1" name="uitests.usermgmt.LoginTests" time="17.953" errors="0" timestamp="2022-11-23T21:14:53 IST" skipped="0">
  <testcase classname="uitests.usermgmt.LoginTests" name="TestOne" time="17.953"/>
  <system-out/>
</testsuite> <!-- uitests.usermgmt.LoginTests -->
