<?xml version="1.0" encoding="UTF-8"?>
<!-- Generated by org.testng.reporters.JUnitReportReporter -->
<testsuite hostname="WKWZT6Z89h34IG3" failures="0" tests="1" name="uitests.usermgmt.LoginTests" time="18.156" errors="0" timestamp="2022-11-27T16:44:20 IST" skipped="0">
  <testcase classname="uitests.usermgmt.LoginTests" name="TestOne" time="18.156"/>
  <system-out/>
</testsuite> <!-- uitests.usermgmt.LoginTests -->
