<?xml version="1.0" encoding="UTF-8"?>
<!-- Generated by org.testng.reporters.JUnitReportReporter -->
<testsuite hostname="WKWZT6Z89h34IG3" failures="0" tests="1" name="uitests.usermgmt.LoginTests" time="19.265" errors="0" timestamp="2022-11-29T21:44:24 IST" skipped="0">
  <testcase classname="uitests.usermgmt.LoginTests" name="TestOne" time="19.265"/>
  <system-out/>
</testsuite> <!-- uitests.usermgmt.LoginTests -->
